{"level":"INFO","time":"2024-11-01T21:03:34.441+0800","caller":"user/user.go:42","msg":"短信平台调用成功，发送短信 INFO"}
{"level":"ERROR","time":"2024-11-01T21:03:34.446+0800","caller":"user/user.go:44","msg":"短信平台调用成功，发送短信  error"}
{"level":"INFO","time":"2024-11-01T22:17:53.701+0800","caller":"user/user.go:41","msg":"短信平台调用成功，发送短信"}
{"level":"INFO","time":"2024-11-02T01:34:11.805+0800","caller":"login.service.v1/login_service.go:38","msg":"短信平台调用成功，发送短信"}
{"level":"INFO","time":"2024-11-02T01:35:41.692+0800","caller":"login.service.v1/login_service.go:38","msg":"短信平台调用成功，发送短信"}
{"level":"INFO","time":"2024-11-02T01:54:01.323+0800","caller":"login.service.v1/login_service.go:38","msg":"短信平台调用成功，发送短信"}
{"level":"INFO","time":"2024-11-02T01:55:16.443+0800","caller":"login.service.v1/login_service.go:38","msg":"短信平台调用成功，发送短信"}
{"level":"INFO","time":"2024-11-02T14:48:49.034+0800","caller":"login.service.v1/login_service.go:38","msg":"短信平台调用成功，发送短信"}
{"level":"INFO","time":"2024-11-03T00:24:16.088+0800","caller":"login.service.v1/login_service.go:39","msg":"短信平台调用成功，发送短信"}
{"level":"INFO","time":"2024-11-03T00:45:59.375+0800","caller":"login.service.v1/login_service.go:39","msg":"短信平台调用成功，发送短信"}
{"level":"INFO","time":"2024-11-03T00:58:16.602+0800","caller":"login.service.v1/login_service.go:40","msg":"短信平台调用成功，发送短信"}
{"level":"INFO","time":"2024-11-03T00:59:15.028+0800","caller":"login.service.v1/login_service.go:40","msg":"短信平台调用成功，发送短信"}
{"level":"INFO","time":"2024-11-03T00:59:18.058+0800","caller":"login.service.v1/login_service.go:40","msg":"短信平台调用成功，发送短信"}
{"level":"INFO","time":"2024-11-03T00:59:19.445+0800","caller":"login.service.v1/login_service.go:40","msg":"短信平台调用成功，发送短信"}
{"level":"INFO","time":"2024-11-03T00:59:20.520+0800","caller":"login.service.v1/login_service.go:40","msg":"短信平台调用成功，发送短信"}
{"level":"INFO","time":"2024-11-03T01:04:12.827+0800","caller":"login.service.v1/login_service.go:40","msg":"短信平台调用成功，发送短信"}
{"level":"INFO","time":"2024-11-03T01:04:14.269+0800","caller":"login.service.v1/login_service.go:40","msg":"短信平台调用成功，发送短信"}
{"level":"INFO","time":"2024-11-03T01:04:15.544+0800","caller":"login.service.v1/login_service.go:40","msg":"短信平台调用成功，发送短信"}
{"level":"INFO","time":"2024-11-03T02:10:53.672+0800","caller":"login.service.v1/login_service.go:40","msg":"短信平台调用成功，发送短信"}
{"level":"INFO","time":"2024-11-03T02:10:56.650+0800","caller":"login.service.v1/login_service.go:40","msg":"短信平台调用成功，发送短信"}
{"level":"INFO","time":"2024-11-03T02:10:57.927+0800","caller":"login.service.v1/login_service.go:40","msg":"短信平台调用成功，发送短信"}
{"level":"INFO","time":"2024-11-03T02:10:59.343+0800","caller":"login.service.v1/login_service.go:40","msg":"短信平台调用成功，发送短信"}
{"level":"INFO","time":"2024-11-03T02:11:00.474+0800","caller":"login.service.v1/login_service.go:40","msg":"短信平台调用成功，发送短信"}
{"level":"INFO","time":"2024-11-03T02:11:01.737+0800","caller":"login.service.v1/login_service.go:40","msg":"短信平台调用成功，发送短信"}
{"level":"INFO","time":"2024-11-03T02:11:03.437+0800","caller":"login.service.v1/login_service.go:40","msg":"短信平台调用成功，发送短信"}
{"level":"INFO","time":"2024-11-03T02:11:08.287+0800","caller":"login.service.v1/login_service.go:40","msg":"短信平台调用成功，发送短信"}
{"level":"INFO","time":"2024-11-03T02:22:30.262+0800","caller":"login.service.v1/login_service.go:40","msg":"短信平台调用成功，发送短信"}
{"level":"INFO","time":"2024-11-03T02:22:32.007+0800","caller":"login.service.v1/login_service.go:40","msg":"短信平台调用成功，发送短信"}
{"level":"INFO","time":"2024-11-03T02:22:33.262+0800","caller":"login.service.v1/login_service.go:40","msg":"短信平台调用成功，发送短信"}
{"level":"INFO","time":"2024-11-03T02:22:34.478+0800","caller":"login.service.v1/login_service.go:40","msg":"短信平台调用成功，发送短信"}
{"level":"INFO","time":"2024-11-03T02:22:35.656+0800","caller":"login.service.v1/login_service.go:40","msg":"短信平台调用成功，发送短信"}
{"level":"INFO","time":"2024-11-03T02:22:36.516+0800","caller":"login.service.v1/login_service.go:40","msg":"短信平台调用成功，发送短信"}
{"level":"INFO","time":"2024-11-03T02:22:37.682+0800","caller":"login.service.v1/login_service.go:40","msg":"短信平台调用成功，发送短信"}
{"level":"INFO","time":"2024-11-03T02:23:06.476+0800","caller":"login.service.v1/login_service.go:40","msg":"短信平台调用成功，发送短信"}
{"level":"INFO","time":"2024-11-03T02:23:08.304+0800","caller":"login.service.v1/login_service.go:40","msg":"短信平台调用成功，发送短信"}
{"level":"INFO","time":"2024-11-03T02:23:09.527+0800","caller":"login.service.v1/login_service.go:40","msg":"短信平台调用成功，发送短信"}
{"level":"INFO","time":"2024-11-03T02:23:10.586+0800","caller":"login.service.v1/login_service.go:40","msg":"短信平台调用成功，发送短信"}
{"level":"INFO","time":"2024-11-03T02:23:11.966+0800","caller":"login.service.v1/login_service.go:40","msg":"短信平台调用成功，发送短信"}
{"level":"INFO","time":"2024-11-03T02:23:12.921+0800","caller":"login.service.v1/login_service.go:40","msg":"短信平台调用成功，发送短信"}
{"level":"INFO","time":"2024-11-03T02:23:15.032+0800","caller":"login.service.v1/login_service.go:40","msg":"短信平台调用成功，发送短信"}
{"level":"INFO","time":"2024-11-03T02:23:16.109+0800","caller":"login.service.v1/login_service.go:40","msg":"短信平台调用成功，发送短信"}
{"level":"INFO","time":"2024-11-03T02:23:18.749+0800","caller":"login.service.v1/login_service.go:40","msg":"短信平台调用成功，发送短信"}
{"level":"INFO","time":"2024-11-03T02:38:53.363+0800","caller":"login.service.v1/login_service.go:40","msg":"短信平台调用成功，发送短信"}
{"level":"INFO","time":"2024-11-03T02:38:54.860+0800","caller":"login.service.v1/login_service.go:40","msg":"短信平台调用成功，发送短信"}
{"level":"INFO","time":"2024-11-03T02:38:56.006+0800","caller":"login.service.v1/login_service.go:40","msg":"短信平台调用成功，发送短信"}
{"level":"INFO","time":"2024-11-03T02:48:47.941+0800","caller":"login.service.v1/login_service.go:40","msg":"短信平台调用成功，发送短信"}
{"level":"INFO","time":"2024-11-03T02:49:00.468+0800","caller":"login.service.v1/login_service.go:40","msg":"短信平台调用成功，发送短信"}
{"level":"INFO","time":"2024-11-03T02:49:05.143+0800","caller":"login.service.v1/login_service.go:40","msg":"短信平台调用成功，发送短信"}
{"level":"INFO","time":"2024-11-03T02:49:07.685+0800","caller":"login.service.v1/login_service.go:40","msg":"短信平台调用成功，发送短信"}
{"level":"INFO","time":"2024-11-03T03:14:20.869+0800","caller":"login.service.v1/login_service.go:40","msg":"短信平台调用成功，发送短信"}
{"level":"INFO","time":"2024-11-03T03:14:24.591+0800","caller":"login.service.v1/login_service.go:40","msg":"短信平台调用成功，发送短信"}
{"level":"INFO","time":"2024-11-03T03:14:27.592+0800","caller":"login.service.v1/login_service.go:40","msg":"短信平台调用成功，发送短信"}
{"level":"INFO","time":"2024-11-03T03:14:30.567+0800","caller":"login.service.v1/login_service.go:40","msg":"短信平台调用成功，发送短信"}
{"level":"INFO","time":"2024-11-03T03:14:33.126+0800","caller":"login.service.v1/login_service.go:40","msg":"短信平台调用成功，发送短信"}
{"level":"INFO","time":"2024-11-03T03:14:35.283+0800","caller":"login.service.v1/login_service.go:40","msg":"短信平台调用成功，发送短信"}
{"level":"INFO","time":"2024-11-03T03:14:37.376+0800","caller":"login.service.v1/login_service.go:40","msg":"短信平台调用成功，发送短信"}
{"level":"INFO","time":"2024-11-03T03:16:47.757+0800","caller":"login.service.v1/login_service.go:40","msg":"短信平台调用成功，发送短信"}
{"level":"INFO","time":"2024-11-03T03:17:05.435+0800","caller":"login.service.v1/login_service.go:40","msg":"短信平台调用成功，发送短信"}
{"level":"INFO","time":"2024-11-03T03:17:14.109+0800","caller":"login.service.v1/login_service.go:40","msg":"短信平台调用成功，发送短信"}
{"level":"INFO","time":"2024-11-03T03:18:23.590+0800","caller":"login.service.v1/login_service.go:40","msg":"短信平台调用成功，发送短信"}
{"level":"INFO","time":"2024-11-03T03:18:24.986+0800","caller":"login.service.v1/login_service.go:40","msg":"短信平台调用成功，发送短信"}
{"level":"INFO","time":"2024-11-03T03:18:26.555+0800","caller":"login.service.v1/login_service.go:40","msg":"短信平台调用成功，发送短信"}
{"level":"INFO","time":"2024-11-03T03:18:27.791+0800","caller":"login.service.v1/login_service.go:40","msg":"短信平台调用成功，发送短信"}
{"level":"INFO","time":"2024-11-03T03:18:29.009+0800","caller":"login.service.v1/login_service.go:40","msg":"短信平台调用成功，发送短信"}
{"level":"INFO","time":"2024-11-03T03:18:30.322+0800","caller":"login.service.v1/login_service.go:40","msg":"短信平台调用成功，发送短信"}
{"level":"INFO","time":"2024-11-03T03:18:31.547+0800","caller":"login.service.v1/login_service.go:40","msg":"短信平台调用成功，发送短信"}
{"level":"INFO","time":"2024-11-03T03:18:33.407+0800","caller":"login.service.v1/login_service.go:40","msg":"短信平台调用成功，发送短信"}
{"level":"INFO","time":"2024-11-03T03:18:34.734+0800","caller":"login.service.v1/login_service.go:40","msg":"短信平台调用成功，发送短信"}
{"level":"INFO","time":"2024-11-03T03:18:35.868+0800","caller":"login.service.v1/login_service.go:40","msg":"短信平台调用成功，发送短信"}
{"level":"INFO","time":"2024-11-03T15:49:14.768+0800","caller":"login.service.v1/login_service.go:40","msg":"短信平台调用成功，发送短信"}
{"level":"INFO","time":"2024-11-03T15:49:16.224+0800","caller":"login.service.v1/login_service.go:40","msg":"短信平台调用成功，发送短信"}
{"level":"INFO","time":"2024-11-03T15:49:17.404+0800","caller":"login.service.v1/login_service.go:40","msg":"短信平台调用成功，发送短信"}
{"level":"INFO","time":"2024-11-03T15:49:18.512+0800","caller":"login.service.v1/login_service.go:40","msg":"短信平台调用成功，发送短信"}
{"level":"INFO","time":"2024-11-03T15:49:20.009+0800","caller":"login.service.v1/login_service.go:40","msg":"短信平台调用成功，发送短信"}
{"level":"INFO","time":"2024-11-03T15:49:21.659+0800","caller":"login.service.v1/login_service.go:40","msg":"短信平台调用成功，发送短信"}
{"level":"INFO","time":"2024-11-03T15:49:23.037+0800","caller":"login.service.v1/login_service.go:40","msg":"短信平台调用成功，发送短信"}
{"level":"INFO","time":"2024-11-03T15:49:24.826+0800","caller":"login.service.v1/login_service.go:40","msg":"短信平台调用成功，发送短信"}
{"level":"INFO","time":"2024-11-03T15:49:25.987+0800","caller":"login.service.v1/login_service.go:40","msg":"短信平台调用成功，发送短信"}
{"level":"INFO","time":"2024-11-03T15:49:27.522+0800","caller":"login.service.v1/login_service.go:40","msg":"短信平台调用成功，发送短信"}
{"level":"INFO","time":"2024-11-03T15:51:06.734+0800","caller":"login.service.v1/login_service.go:40","msg":"短信平台调用成功，发送短信"}
{"level":"INFO","time":"2024-11-03T15:51:08.198+0800","caller":"login.service.v1/login_service.go:40","msg":"短信平台调用成功，发送短信"}
{"level":"INFO","time":"2024-11-03T15:51:10.140+0800","caller":"login.service.v1/login_service.go:40","msg":"短信平台调用成功，发送短信"}
{"level":"INFO","time":"2024-11-03T15:51:11.717+0800","caller":"login.service.v1/login_service.go:40","msg":"短信平台调用成功，发送短信"}
{"level":"INFO","time":"2024-11-03T15:51:12.970+0800","caller":"login.service.v1/login_service.go:40","msg":"短信平台调用成功，发送短信"}
{"level":"INFO","time":"2024-11-03T15:51:14.441+0800","caller":"login.service.v1/login_service.go:40","msg":"短信平台调用成功，发送短信"}
{"level":"INFO","time":"2024-11-03T15:51:16.308+0800","caller":"login.service.v1/login_service.go:40","msg":"短信平台调用成功，发送短信"}
{"level":"INFO","time":"2024-11-03T15:51:18.049+0800","caller":"login.service.v1/login_service.go:40","msg":"短信平台调用成功，发送短信"}
{"level":"INFO","time":"2024-11-03T15:51:19.326+0800","caller":"login.service.v1/login_service.go:40","msg":"短信平台调用成功，发送短信"}
{"level":"INFO","time":"2024-11-03T15:51:20.978+0800","caller":"login.service.v1/login_service.go:40","msg":"短信平台调用成功，发送短信"}
{"level":"INFO","time":"2024-11-03T15:51:46.628+0800","caller":"login.service.v1/login_service.go:40","msg":"短信平台调用成功，发送短信"}
{"level":"INFO","time":"2024-11-03T15:51:48.220+0800","caller":"login.service.v1/login_service.go:40","msg":"短信平台调用成功，发送短信"}
{"level":"INFO","time":"2024-11-03T15:51:49.390+0800","caller":"login.service.v1/login_service.go:40","msg":"短信平台调用成功，发送短信"}
{"level":"INFO","time":"2024-11-03T15:51:50.634+0800","caller":"login.service.v1/login_service.go:40","msg":"短信平台调用成功，发送短信"}
{"level":"INFO","time":"2024-11-03T15:51:51.806+0800","caller":"login.service.v1/login_service.go:40","msg":"短信平台调用成功，发送短信"}
{"level":"INFO","time":"2024-11-03T15:51:53.086+0800","caller":"login.service.v1/login_service.go:40","msg":"短信平台调用成功，发送短信"}
{"level":"INFO","time":"2024-11-03T15:51:54.271+0800","caller":"login.service.v1/login_service.go:40","msg":"短信平台调用成功，发送短信"}
{"level":"INFO","time":"2024-11-03T15:51:55.456+0800","caller":"login.service.v1/login_service.go:40","msg":"短信平台调用成功，发送短信"}
{"level":"INFO","time":"2024-11-03T15:51:56.721+0800","caller":"login.service.v1/login_service.go:40","msg":"短信平台调用成功，发送短信"}
{"level":"INFO","time":"2024-11-03T15:51:58.188+0800","caller":"login.service.v1/login_service.go:40","msg":"短信平台调用成功，发送短信"}
{"level":"INFO","time":"2024-11-03T15:52:06.134+0800","caller":"login.service.v1/login_service.go:40","msg":"短信平台调用成功，发送短信"}
{"level":"INFO","time":"2024-11-03T15:52:07.771+0800","caller":"login.service.v1/login_service.go:40","msg":"短信平台调用成功，发送短信"}
{"level":"INFO","time":"2024-11-03T15:52:08.969+0800","caller":"login.service.v1/login_service.go:40","msg":"短信平台调用成功，发送短信"}
{"level":"INFO","time":"2024-11-03T15:52:10.601+0800","caller":"login.service.v1/login_service.go:40","msg":"短信平台调用成功，发送短信"}
{"level":"INFO","time":"2024-11-03T15:52:11.912+0800","caller":"login.service.v1/login_service.go:40","msg":"短信平台调用成功，发送短信"}
{"level":"INFO","time":"2024-11-03T15:52:13.126+0800","caller":"login.service.v1/login_service.go:40","msg":"短信平台调用成功，发送短信"}
{"level":"INFO","time":"2024-11-03T15:52:14.454+0800","caller":"login.service.v1/login_service.go:40","msg":"短信平台调用成功，发送短信"}
{"level":"INFO","time":"2024-11-03T15:52:15.557+0800","caller":"login.service.v1/login_service.go:40","msg":"短信平台调用成功，发送短信"}
{"level":"INFO","time":"2024-11-03T15:52:17.228+0800","caller":"login.service.v1/login_service.go:40","msg":"短信平台调用成功，发送短信"}
{"level":"INFO","time":"2024-11-03T15:52:18.541+0800","caller":"login.service.v1/login_service.go:40","msg":"短信平台调用成功，发送短信"}
{"level":"INFO","time":"2024-11-03T15:52:28.193+0800","caller":"login.service.v1/login_service.go:40","msg":"短信平台调用成功，发送短信"}
{"level":"INFO","time":"2024-11-03T15:52:29.834+0800","caller":"login.service.v1/login_service.go:40","msg":"短信平台调用成功，发送短信"}
{"level":"INFO","time":"2024-11-03T15:52:31.979+0800","caller":"login.service.v1/login_service.go:40","msg":"短信平台调用成功，发送短信"}
{"level":"INFO","time":"2024-11-03T15:52:33.506+0800","caller":"login.service.v1/login_service.go:40","msg":"短信平台调用成功，发送短信"}
{"level":"INFO","time":"2024-11-03T15:52:35.092+0800","caller":"login.service.v1/login_service.go:40","msg":"短信平台调用成功，发送短信"}
{"level":"INFO","time":"2024-11-03T15:52:37.046+0800","caller":"login.service.v1/login_service.go:40","msg":"短信平台调用成功，发送短信"}
{"level":"INFO","time":"2024-11-03T15:52:38.793+0800","caller":"login.service.v1/login_service.go:40","msg":"短信平台调用成功，发送短信"}
{"level":"INFO","time":"2024-11-03T15:52:40.344+0800","caller":"login.service.v1/login_service.go:40","msg":"短信平台调用成功，发送短信"}
{"level":"INFO","time":"2024-11-03T15:52:41.846+0800","caller":"login.service.v1/login_service.go:40","msg":"短信平台调用成功，发送短信"}
{"level":"INFO","time":"2024-11-03T15:52:43.600+0800","caller":"login.service.v1/login_service.go:40","msg":"短信平台调用成功，发送短信"}
{"level":"INFO","time":"2024-11-03T15:52:45.136+0800","caller":"login.service.v1/login_service.go:40","msg":"短信平台调用成功，发送短信"}
{"level":"INFO","time":"2024-11-03T15:52:46.620+0800","caller":"login.service.v1/login_service.go:40","msg":"短信平台调用成功，发送短信"}
{"level":"INFO","time":"2024-11-03T15:52:48.030+0800","caller":"login.service.v1/login_service.go:40","msg":"短信平台调用成功，发送短信"}
{"level":"INFO","time":"2024-11-03T15:52:50.151+0800","caller":"login.service.v1/login_service.go:40","msg":"短信平台调用成功，发送短信"}
{"level":"INFO","time":"2024-11-03T15:52:51.723+0800","caller":"login.service.v1/login_service.go:40","msg":"短信平台调用成功，发送短信"}
{"level":"INFO","time":"2024-11-03T15:52:53.155+0800","caller":"login.service.v1/login_service.go:40","msg":"短信平台调用成功，发送短信"}
{"level":"INFO","time":"2024-11-03T15:52:54.510+0800","caller":"login.service.v1/login_service.go:40","msg":"短信平台调用成功，发送短信"}
{"level":"INFO","time":"2024-11-03T15:52:56.099+0800","caller":"login.service.v1/login_service.go:40","msg":"短信平台调用成功，发送短信"}
{"level":"INFO","time":"2024-11-03T15:52:57.855+0800","caller":"login.service.v1/login_service.go:40","msg":"短信平台调用成功，发送短信"}
{"level":"INFO","time":"2024-11-03T15:52:59.290+0800","caller":"login.service.v1/login_service.go:40","msg":"短信平台调用成功，发送短信"}
{"level":"INFO","time":"2024-11-03T15:53:00.683+0800","caller":"login.service.v1/login_service.go:40","msg":"短信平台调用成功，发送短信"}
{"level":"INFO","time":"2024-11-03T15:53:02.014+0800","caller":"login.service.v1/login_service.go:40","msg":"短信平台调用成功，发送短信"}
{"level":"INFO","time":"2024-11-03T15:53:03.799+0800","caller":"login.service.v1/login_service.go:40","msg":"短信平台调用成功，发送短信"}
{"level":"INFO","time":"2024-11-03T15:53:05.143+0800","caller":"login.service.v1/login_service.go:40","msg":"短信平台调用成功，发送短信"}
{"level":"INFO","time":"2024-11-03T15:53:06.492+0800","caller":"login.service.v1/login_service.go:40","msg":"短信平台调用成功，发送短信"}
{"level":"INFO","time":"2024-11-03T15:53:08.111+0800","caller":"login.service.v1/login_service.go:40","msg":"短信平台调用成功，发送短信"}
{"level":"INFO","time":"2024-11-03T15:53:09.430+0800","caller":"login.service.v1/login_service.go:40","msg":"短信平台调用成功，发送短信"}
{"level":"INFO","time":"2024-11-03T15:53:21.325+0800","caller":"login.service.v1/login_service.go:40","msg":"短信平台调用成功，发送短信"}
{"level":"INFO","time":"2024-11-03T15:53:22.809+0800","caller":"login.service.v1/login_service.go:40","msg":"短信平台调用成功，发送短信"}
{"level":"INFO","time":"2024-11-03T15:53:23.938+0800","caller":"login.service.v1/login_service.go:40","msg":"短信平台调用成功，发送短信"}
{"level":"INFO","time":"2024-11-03T15:53:25.044+0800","caller":"login.service.v1/login_service.go:40","msg":"短信平台调用成功，发送短信"}
{"level":"INFO","time":"2024-11-03T15:53:26.164+0800","caller":"login.service.v1/login_service.go:40","msg":"短信平台调用成功，发送短信"}
{"level":"INFO","time":"2024-11-03T15:53:27.716+0800","caller":"login.service.v1/login_service.go:40","msg":"短信平台调用成功，发送短信"}
{"level":"INFO","time":"2024-11-03T15:53:28.858+0800","caller":"login.service.v1/login_service.go:40","msg":"短信平台调用成功，发送短信"}
{"level":"INFO","time":"2024-11-03T15:53:29.941+0800","caller":"login.service.v1/login_service.go:40","msg":"短信平台调用成功，发送短信"}
{"level":"INFO","time":"2024-11-03T15:53:31.138+0800","caller":"login.service.v1/login_service.go:40","msg":"短信平台调用成功，发送短信"}
{"level":"INFO","time":"2024-11-03T15:53:32.307+0800","caller":"login.service.v1/login_service.go:40","msg":"短信平台调用成功，发送短信"}
{"level":"INFO","time":"2024-11-03T15:53:33.718+0800","caller":"login.service.v1/login_service.go:40","msg":"短信平台调用成功，发送短信"}
{"level":"INFO","time":"2024-11-03T15:53:34.772+0800","caller":"login.service.v1/login_service.go:40","msg":"短信平台调用成功，发送短信"}
{"level":"INFO","time":"2024-11-03T15:53:36.027+0800","caller":"login.service.v1/login_service.go:40","msg":"短信平台调用成功，发送短信"}
{"level":"INFO","time":"2024-11-03T15:53:37.270+0800","caller":"login.service.v1/login_service.go:40","msg":"短信平台调用成功，发送短信"}
{"level":"INFO","time":"2024-11-03T15:53:38.696+0800","caller":"login.service.v1/login_service.go:40","msg":"短信平台调用成功，发送短信"}
{"level":"INFO","time":"2024-11-03T15:53:39.814+0800","caller":"login.service.v1/login_service.go:40","msg":"短信平台调用成功，发送短信"}
{"level":"INFO","time":"2024-11-03T15:53:41.028+0800","caller":"login.service.v1/login_service.go:40","msg":"短信平台调用成功，发送短信"}
{"level":"INFO","time":"2024-11-03T15:53:42.224+0800","caller":"login.service.v1/login_service.go:40","msg":"短信平台调用成功，发送短信"}
{"level":"INFO","time":"2024-11-03T15:53:43.378+0800","caller":"login.service.v1/login_service.go:40","msg":"短信平台调用成功，发送短信"}
{"level":"INFO","time":"2024-11-03T15:53:44.928+0800","caller":"login.service.v1/login_service.go:40","msg":"短信平台调用成功，发送短信"}
{"level":"INFO","time":"2024-11-03T15:53:46.160+0800","caller":"login.service.v1/login_service.go:40","msg":"短信平台调用成功，发送短信"}
{"level":"INFO","time":"2024-11-03T15:53:47.548+0800","caller":"login.service.v1/login_service.go:40","msg":"短信平台调用成功，发送短信"}
{"level":"INFO","time":"2024-11-03T15:53:48.791+0800","caller":"login.service.v1/login_service.go:40","msg":"短信平台调用成功，发送短信"}
{"level":"INFO","time":"2024-11-03T15:53:50.029+0800","caller":"login.service.v1/login_service.go:40","msg":"短信平台调用成功，发送短信"}
{"level":"INFO","time":"2024-11-03T15:53:51.389+0800","caller":"login.service.v1/login_service.go:40","msg":"短信平台调用成功，发送短信"}
{"level":"INFO","time":"2024-11-03T15:53:53.223+0800","caller":"login.service.v1/login_service.go:40","msg":"短信平台调用成功，发送短信"}
{"level":"INFO","time":"2024-11-03T16:45:56.362+0800","caller":"login.service.v1/login_service.go:40","msg":"短信平台调用成功，发送短信"}
{"level":"INFO","time":"2024-11-03T16:45:56.363+0800","caller":"login.service.v1/login_service.go:40","msg":"短信平台调用成功，发送短信"}
{"level":"INFO","time":"2024-11-03T16:45:59.268+0800","caller":"login.service.v1/login_service.go:40","msg":"短信平台调用成功，发送短信"}
{"level":"INFO","time":"2024-11-03T16:46:00.627+0800","caller":"login.service.v1/login_service.go:40","msg":"短信平台调用成功，发送短信"}
{"level":"INFO","time":"2024-11-03T16:46:03.237+0800","caller":"login.service.v1/login_service.go:40","msg":"短信平台调用成功，发送短信"}
{"level":"INFO","time":"2024-11-03T16:46:04.295+0800","caller":"login.service.v1/login_service.go:40","msg":"短信平台调用成功，发送短信"}
{"level":"INFO","time":"2024-11-03T16:46:05.646+0800","caller":"login.service.v1/login_service.go:40","msg":"短信平台调用成功，发送短信"}
{"level":"INFO","time":"2024-11-03T16:46:08.204+0800","caller":"login.service.v1/login_service.go:40","msg":"短信平台调用成功，发送短信"}
{"level":"INFO","time":"2024-11-03T16:46:18.361+0800","caller":"login.service.v1/login_service.go:40","msg":"短信平台调用成功，发送短信"}
{"level":"INFO","time":"2024-11-03T16:46:31.033+0800","caller":"login.service.v1/login_service.go:40","msg":"短信平台调用成功，发送短信"}
{"level":"INFO","time":"2024-11-03T16:46:45.555+0800","caller":"login.service.v1/login_service.go:40","msg":"短信平台调用成功，发送短信"}
{"level":"INFO","time":"2024-11-03T16:47:03.714+0800","caller":"login.service.v1/login_service.go:40","msg":"短信平台调用成功，发送短信"}
{"level":"INFO","time":"2024-11-03T16:48:05.047+0800","caller":"login.service.v1/login_service.go:40","msg":"短信平台调用成功，发送短信"}
{"level":"INFO","time":"2024-11-03T16:48:06.209+0800","caller":"login.service.v1/login_service.go:40","msg":"短信平台调用成功，发送短信"}
{"level":"INFO","time":"2024-11-03T16:48:08.772+0800","caller":"login.service.v1/login_service.go:40","msg":"短信平台调用成功，发送短信"}
{"level":"INFO","time":"2024-11-03T16:48:09.956+0800","caller":"login.service.v1/login_service.go:40","msg":"短信平台调用成功，发送短信"}
{"level":"INFO","time":"2024-11-03T16:48:12.404+0800","caller":"login.service.v1/login_service.go:40","msg":"短信平台调用成功，发送短信"}
{"level":"INFO","time":"2024-11-03T16:48:13.775+0800","caller":"login.service.v1/login_service.go:40","msg":"短信平台调用成功，发送短信"}
{"level":"INFO","time":"2024-11-03T16:48:16.227+0800","caller":"login.service.v1/login_service.go:40","msg":"短信平台调用成功，发送短信"}
{"level":"INFO","time":"2024-11-03T16:48:17.367+0800","caller":"login.service.v1/login_service.go:40","msg":"短信平台调用成功，发送短信"}
{"level":"INFO","time":"2024-11-03T16:48:19.835+0800","caller":"login.service.v1/login_service.go:40","msg":"短信平台调用成功，发送短信"}
{"level":"INFO","time":"2024-11-03T16:48:21.270+0800","caller":"login.service.v1/login_service.go:40","msg":"短信平台调用成功，发送短信"}
{"level":"INFO","time":"2024-11-03T16:48:23.788+0800","caller":"login.service.v1/login_service.go:40","msg":"短信平台调用成功，发送短信"}
{"level":"INFO","time":"2024-11-03T16:48:25.022+0800","caller":"login.service.v1/login_service.go:40","msg":"短信平台调用成功，发送短信"}
{"level":"INFO","time":"2024-11-03T16:48:27.845+0800","caller":"login.service.v1/login_service.go:40","msg":"短信平台调用成功，发送短信"}
{"level":"INFO","time":"2024-11-03T16:48:29.134+0800","caller":"login.service.v1/login_service.go:40","msg":"短信平台调用成功，发送短信"}
{"level":"INFO","time":"2024-11-03T16:48:31.781+0800","caller":"login.service.v1/login_service.go:40","msg":"短信平台调用成功，发送短信"}
{"level":"INFO","time":"2024-11-03T16:48:33.181+0800","caller":"login.service.v1/login_service.go:40","msg":"短信平台调用成功，发送短信"}
{"level":"INFO","time":"2024-11-03T16:48:36.170+0800","caller":"login.service.v1/login_service.go:40","msg":"短信平台调用成功，发送短信"}
{"level":"INFO","time":"2024-11-03T16:48:37.520+0800","caller":"login.service.v1/login_service.go:40","msg":"短信平台调用成功，发送短信"}
{"level":"INFO","time":"2024-11-03T16:48:40.270+0800","caller":"login.service.v1/login_service.go:40","msg":"短信平台调用成功，发送短信"}
{"level":"INFO","time":"2024-11-03T16:48:42.922+0800","caller":"login.service.v1/login_service.go:40","msg":"短信平台调用成功，发送短信"}
{"level":"INFO","time":"2024-11-03T16:48:45.848+0800","caller":"login.service.v1/login_service.go:40","msg":"短信平台调用成功，发送短信"}
{"level":"INFO","time":"2024-11-03T16:48:47.125+0800","caller":"login.service.v1/login_service.go:40","msg":"短信平台调用成功，发送短信"}
{"level":"INFO","time":"2024-11-03T16:48:50.309+0800","caller":"login.service.v1/login_service.go:40","msg":"短信平台调用成功，发送短信"}
{"level":"INFO","time":"2024-11-03T16:48:51.657+0800","caller":"login.service.v1/login_service.go:40","msg":"短信平台调用成功，发送短信"}
{"level":"INFO","time":"2024-11-03T16:48:54.334+0800","caller":"login.service.v1/login_service.go:40","msg":"短信平台调用成功，发送短信"}
{"level":"INFO","time":"2024-11-03T16:48:56.252+0800","caller":"login.service.v1/login_service.go:40","msg":"短信平台调用成功，发送短信"}
{"level":"INFO","time":"2024-11-03T16:48:59.828+0800","caller":"login.service.v1/login_service.go:40","msg":"短信平台调用成功，发送短信"}
{"level":"INFO","time":"2024-11-03T16:49:01.457+0800","caller":"login.service.v1/login_service.go:40","msg":"短信平台调用成功，发送短信"}
{"level":"INFO","time":"2024-11-03T16:49:06.187+0800","caller":"login.service.v1/login_service.go:40","msg":"短信平台调用成功，发送短信"}
{"level":"INFO","time":"2024-11-03T16:49:08.147+0800","caller":"login.service.v1/login_service.go:40","msg":"短信平台调用成功，发送短信"}
{"level":"INFO","time":"2024-11-03T16:49:12.029+0800","caller":"login.service.v1/login_service.go:40","msg":"短信平台调用成功，发送短信"}
{"level":"INFO","time":"2024-11-03T16:49:13.547+0800","caller":"login.service.v1/login_service.go:40","msg":"短信平台调用成功，发送短信"}
{"level":"INFO","time":"2024-11-03T16:49:17.288+0800","caller":"login.service.v1/login_service.go:40","msg":"短信平台调用成功，发送短信"}
{"level":"INFO","time":"2024-11-03T16:49:18.755+0800","caller":"login.service.v1/login_service.go:40","msg":"短信平台调用成功，发送短信"}
{"level":"INFO","time":"2024-11-03T16:49:22.061+0800","caller":"login.service.v1/login_service.go:40","msg":"短信平台调用成功，发送短信"}
{"level":"INFO","time":"2024-11-03T16:49:23.633+0800","caller":"login.service.v1/login_service.go:40","msg":"短信平台调用成功，发送短信"}
{"level":"INFO","time":"2024-11-03T16:49:27.892+0800","caller":"login.service.v1/login_service.go:40","msg":"短信平台调用成功，发送短信"}
{"level":"INFO","time":"2024-11-03T16:49:29.409+0800","caller":"login.service.v1/login_service.go:40","msg":"短信平台调用成功，发送短信"}
{"level":"INFO","time":"2024-11-03T16:49:34.398+0800","caller":"login.service.v1/login_service.go:40","msg":"短信平台调用成功，发送短信"}
{"level":"INFO","time":"2024-11-03T16:49:36.079+0800","caller":"login.service.v1/login_service.go:40","msg":"短信平台调用成功，发送短信"}
{"level":"INFO","time":"2024-11-03T16:49:39.198+0800","caller":"login.service.v1/login_service.go:40","msg":"短信平台调用成功，发送短信"}
{"level":"INFO","time":"2024-11-03T16:49:41.216+0800","caller":"login.service.v1/login_service.go:40","msg":"短信平台调用成功，发送短信"}
{"level":"INFO","time":"2024-11-03T16:49:44.489+0800","caller":"login.service.v1/login_service.go:40","msg":"短信平台调用成功，发送短信"}
{"level":"INFO","time":"2024-11-03T16:49:45.980+0800","caller":"login.service.v1/login_service.go:40","msg":"短信平台调用成功，发送短信"}
{"level":"ERROR","time":"2024-11-04T01:58:21.941+0800","caller":"login.service.v1/login_service.go:109","msg":"register SaveOrganization db err","error":"Error 1406 (22001): Data too long for column 'avatar' at row 1"}
{"level":"ERROR","time":"2024-11-06T19:15:31.668+0800","caller":"login.service.v1/login_service.go:47","msg":"Register redis get error ","error":"dial tcp [::1]:6381: connectex: No connection could be made because the target machine actively refused it."}
{"level":"ERROR","time":"2024-11-06T21:14:42.294+0800","caller":"login.service.v1/login_service.go:148","msg":"Put redis Captcha error ","error":"context deadline exceeded"}
{"level":"ERROR","time":"2024-11-06T21:25:52.230+0800","caller":"login.service.v1/login_service.go:102","msg":"db SaveMember error ","error":"sql: transaction has already been committed or rolled back"}
{"level":"ERROR","time":"2024-11-06T21:26:10.292+0800","caller":"login.service.v1/login_service.go:102","msg":"db SaveMember error ","error":"sql: transaction has already been committed or rolled back"}
{"level":"ERROR","time":"2024-11-06T21:27:10.454+0800","caller":"login.service.v1/login_service.go:102","msg":"db SaveMember error ","error":"sql: transaction has already been committed or rolled back; sql: transaction has already been committed or rolled back"}
{"level":"ERROR","time":"2024-11-06T21:46:03.978+0800","caller":"login.service.v1/login_service.go:102","msg":"register SaveMember db error ","error":"sql: transaction has already been committed or rolled back"}
{"level":"ERROR","time":"2024-11-06T21:46:51.029+0800","caller":"login.service.v1/login_service.go:102","msg":"register SaveMember db error ","error":"sql: transaction has already been committed or rolled back"}
{"level":"ERROR","time":"2024-11-06T21:54:10.482+0800","caller":"login.service.v1/login_service.go:116","msg":"register SaveOrganization db err","error":"Error 1406 (22001): Data too long for column 'avatar' at row 1"}
{"level":"ERROR","time":"2024-11-06T21:55:53.240+0800","caller":"login.service.v1/login_service.go:116","msg":"register SaveOrganization db err","error":"Error 1406 (22001): Data too long for column 'avatar' at row 1"}
{"level":"ERROR","time":"2024-11-07T06:17:39.573+0800","caller":"login.service.v1/login_service.go:165","msg":"Login db FindMember error","error":"invalid value, should be pointer to struct or slice"}
{"level":"INFO","time":"2024-11-08T01:43:41.565+0800","caller":"discovery/server.go:137","msg":"grpc client dial on %s"}
{"level":"INFO","time":"2024-11-08T01:46:04.722+0800","caller":"discovery/server.go:137","msg":"grpc client dial on %s"}
{"level":"INFO","time":"2024-11-08T01:46:04.973+0800","caller":"discovery/server.go:137","msg":"grpc client dial on %s"}
{"level":"ERROR","time":"2024-11-09T15:53:12.011+0800","caller":"login.service.v1/login_service.go:227","msg":"TokenVerify ParseToken err","error":"tokenstring should not contain 'bearer '"}
{"level":"ERROR","time":"2024-11-09T15:53:25.874+0800","caller":"login.service.v1/login_service.go:227","msg":"TokenVerify ParseToken err","error":"tokenstring should not contain 'bearer '"}
{"level":"ERROR","time":"2024-11-09T15:53:32.959+0800","caller":"login.service.v1/login_service.go:227","msg":"TokenVerify ParseToken err","error":"tokenstring should not contain 'bearer '"}
{"level":"ERROR","time":"2024-11-09T15:53:48.624+0800","caller":"login.service.v1/login_service.go:227","msg":"TokenVerify ParseToken err","error":"tokenstring should not contain 'bearer '"}
{"level":"ERROR","time":"2024-11-09T15:55:13.951+0800","caller":"login.service.v1/login_service.go:227","msg":"TokenVerify ParseToken err","error":"tokenstring should not contain 'bearer '"}
{"level":"ERROR","time":"2024-11-09T15:58:18.340+0800","caller":"login.service.v1/login_service.go:227","msg":"TokenVerify ParseToken err","error":"tokenstring should not contain 'bearer '"}
{"level":"ERROR","time":"2024-11-09T16:09:38.173+0800","caller":"login.service.v1/login_service.go:227","msg":"TokenVerify ParseToken err","error":"tokenstring should not contain 'bearer '"}
{"level":"ERROR","time":"2024-11-09T16:19:05.529+0800","caller":"login.service.v1/login_service.go:227","msg":"TokenVerify ParseToken err","error":"tokenstring should not contain 'bearer '"}
{"level":"ERROR","time":"2024-11-09T16:20:17.082+0800","caller":"login.service.v1/login_service.go:227","msg":"TokenVerify ParseToken err","error":"tokenstring should not contain 'bearer '"}
{"level":"ERROR","time":"2024-11-13T13:45:20.294+0800","caller":"login.service.v1/login_service.go:227","msg":"TokenVerify ParseToken err","error":"Token is expired"}
{"level":"ERROR","time":"2024-11-17T23:56:08.122+0800","caller":"login.service.v1/login_service.go:228","msg":"TokenVerify ParseToken err","error":"Token is expired"}
{"level":"ERROR","time":"2024-11-17T23:56:09.301+0800","caller":"login.service.v1/login_service.go:228","msg":"TokenVerify ParseToken err","error":"Token is expired"}
{"level":"ERROR","time":"2024-11-18T01:25:20.427+0800","caller":"login.service.v1/login_service.go:228","msg":"TokenVerify ParseToken err","error":"Token is expired"}
