{"level":"ERROR","time":"2024-11-01T21:03:34.446+0800","caller":"user/user.go:44","msg":"短信平台调用成功，发送短信  error"}
{"level":"ERROR","time":"2024-11-04T01:58:21.941+0800","caller":"login.service.v1/login_service.go:109","msg":"register SaveOrganization db err","error":"Error 1406 (22001): Data too long for column 'avatar' at row 1"}
{"level":"ERROR","time":"2024-11-06T19:15:31.668+0800","caller":"login.service.v1/login_service.go:47","msg":"Register redis get error ","error":"dial tcp [::1]:6381: connectex: No connection could be made because the target machine actively refused it."}
{"level":"ERROR","time":"2024-11-06T21:14:42.294+0800","caller":"login.service.v1/login_service.go:148","msg":"Put redis Captcha error ","error":"context deadline exceeded"}
{"level":"ERROR","time":"2024-11-06T21:25:52.230+0800","caller":"login.service.v1/login_service.go:102","msg":"db SaveMember error ","error":"sql: transaction has already been committed or rolled back"}
{"level":"ERROR","time":"2024-11-06T21:26:10.292+0800","caller":"login.service.v1/login_service.go:102","msg":"db SaveMember error ","error":"sql: transaction has already been committed or rolled back"}
{"level":"ERROR","time":"2024-11-06T21:27:10.454+0800","caller":"login.service.v1/login_service.go:102","msg":"db SaveMember error ","error":"sql: transaction has already been committed or rolled back; sql: transaction has already been committed or rolled back"}
{"level":"ERROR","time":"2024-11-06T21:46:03.978+0800","caller":"login.service.v1/login_service.go:102","msg":"register SaveMember db error ","error":"sql: transaction has already been committed or rolled back"}
{"level":"ERROR","time":"2024-11-06T21:46:51.029+0800","caller":"login.service.v1/login_service.go:102","msg":"register SaveMember db error ","error":"sql: transaction has already been committed or rolled back"}
{"level":"ERROR","time":"2024-11-06T21:54:10.482+0800","caller":"login.service.v1/login_service.go:116","msg":"register SaveOrganization db err","error":"Error 1406 (22001): Data too long for column 'avatar' at row 1"}
{"level":"ERROR","time":"2024-11-06T21:55:53.240+0800","caller":"login.service.v1/login_service.go:116","msg":"register SaveOrganization db err","error":"Error 1406 (22001): Data too long for column 'avatar' at row 1"}
{"level":"ERROR","time":"2024-11-07T06:17:39.573+0800","caller":"login.service.v1/login_service.go:165","msg":"Login db FindMember error","error":"invalid value, should be pointer to struct or slice"}
{"level":"ERROR","time":"2024-11-09T15:53:12.011+0800","caller":"login.service.v1/login_service.go:227","msg":"TokenVerify ParseToken err","error":"tokenstring should not contain 'bearer '"}
{"level":"ERROR","time":"2024-11-09T15:53:25.874+0800","caller":"login.service.v1/login_service.go:227","msg":"TokenVerify ParseToken err","error":"tokenstring should not contain 'bearer '"}
{"level":"ERROR","time":"2024-11-09T15:53:32.959+0800","caller":"login.service.v1/login_service.go:227","msg":"TokenVerify ParseToken err","error":"tokenstring should not contain 'bearer '"}
{"level":"ERROR","time":"2024-11-09T15:53:48.624+0800","caller":"login.service.v1/login_service.go:227","msg":"TokenVerify ParseToken err","error":"tokenstring should not contain 'bearer '"}
{"level":"ERROR","time":"2024-11-09T15:55:13.951+0800","caller":"login.service.v1/login_service.go:227","msg":"TokenVerify ParseToken err","error":"tokenstring should not contain 'bearer '"}
{"level":"ERROR","time":"2024-11-09T15:58:18.340+0800","caller":"login.service.v1/login_service.go:227","msg":"TokenVerify ParseToken err","error":"tokenstring should not contain 'bearer '"}
{"level":"ERROR","time":"2024-11-09T16:09:38.173+0800","caller":"login.service.v1/login_service.go:227","msg":"TokenVerify ParseToken err","error":"tokenstring should not contain 'bearer '"}
{"level":"ERROR","time":"2024-11-09T16:19:05.529+0800","caller":"login.service.v1/login_service.go:227","msg":"TokenVerify ParseToken err","error":"tokenstring should not contain 'bearer '"}
{"level":"ERROR","time":"2024-11-09T16:20:17.082+0800","caller":"login.service.v1/login_service.go:227","msg":"TokenVerify ParseToken err","error":"tokenstring should not contain 'bearer '"}
{"level":"ERROR","time":"2024-11-13T13:45:20.294+0800","caller":"login.service.v1/login_service.go:227","msg":"TokenVerify ParseToken err","error":"Token is expired"}
{"level":"ERROR","time":"2024-11-17T23:56:08.122+0800","caller":"login.service.v1/login_service.go:228","msg":"TokenVerify ParseToken err","error":"Token is expired"}
{"level":"ERROR","time":"2024-11-17T23:56:09.301+0800","caller":"login.service.v1/login_service.go:228","msg":"TokenVerify ParseToken err","error":"Token is expired"}
{"level":"ERROR","time":"2024-11-18T01:25:20.427+0800","caller":"login.service.v1/login_service.go:228","msg":"TokenVerify ParseToken err","error":"Token is expired"}
{"level":"ERROR","time":"2024-11-20T20:37:56.055+0800","caller":"project.service.v1/project_service.go:142","msg":"project FindProjectTemplateList db error","error":"Error 1146 (42S02): Table 'msys-project.ms_proje_template' doesn't exist"}
{"level":"ERROR","time":"2024-11-20T23:54:08.777+0800","caller":"project.service.v1/project_service.go:142","msg":"project FindProjectTemplateList db error","error":"Error 1146 (42S02): Table 'msys-project.ms_proje_template' doesn't exist"}
{"level":"ERROR","time":"2024-11-20T23:54:40.069+0800","caller":"project.service.v1/project_service.go:142","msg":"project FindProjectTemplateList db error","error":"Error 1146 (42S02): Table 'msys-project.ms_proje_template' doesn't exist"}
{"level":"ERROR","time":"2024-11-21T00:00:41.926+0800","caller":"project.service.v1/project_service.go:144","msg":"project FindProjectTemplateList db error","error":"Error 1146 (42S02): Table 'msys-project.ms_proje_template' doesn't exist"}
{"level":"ERROR","time":"2024-11-21T00:01:17.652+0800","caller":"project.service.v1/project_service.go:144","msg":"project FindProjectTemplateList db error","error":"Error 1146 (42S02): Table 'msys-project.ms_proje_template' doesn't exist"}
{"level":"ERROR","time":"2024-11-21T00:10:17.677+0800","caller":"project.service.v1/project_service.go:208","msg":"SaveProject SaveProjectMember error","error":"Error 1062 (23000): Duplicate entry '0-1015' for key 'unique'"}
{"level":"ERROR","time":"2024-11-21T00:17:29.625+0800","caller":"project.service.v1/project_service.go:208","msg":"SaveProject SaveProjectMember error","error":"Error 1062 (23000): Duplicate entry '0-1015' for key 'unique'"}
{"level":"ERROR","time":"2024-11-21T00:18:09.754+0800","caller":"project.service.v1/project_service.go:208","msg":"SaveProject SaveProjectMember error","error":"Error 1062 (23000): Duplicate entry '0-1015' for key 'unique'"}
{"level":"ERROR","time":"2024-11-21T00:19:16.338+0800","caller":"project.service.v1/project_service.go:208","msg":"SaveProject SaveProjectMember error","error":"context deadline exceeded"}
{"level":"ERROR","time":"2024-11-21T00:21:55.533+0800","caller":"project.service.v1/project_service.go:208","msg":"SaveProject SaveProjectMember error","error":"driver: bad connection"}
{"level":"ERROR","time":"2024-11-21T05:21:27.850+0800","caller":"project.service.v1/project_service.go:241","msg":"ReadProject FindProjectAndMember error","error":"Error 1054 (42S22): Unknown column 'b.owner_id' in 'where clause'"}
{"level":"ERROR","time":"2024-11-21T05:28:14.635+0800","caller":"project.service.v1/project_service.go:241","msg":"ReadProject FindProjectAndMember error","error":"context deadline exceeded"}
{"level":"ERROR","time":"2024-11-21T05:32:15.189+0800","caller":"project.service.v1/project_service.go:241","msg":"ReadProject FindProjectAndMember error","error":"context deadline exceeded"}
